<?xml version="1.0" encoding="utf-8" standalone="no"?>
<!--This file represents the results of running a test suite-->
<test-results name="C:\Users\Kevin Klinemeier\Documents\GitHub\DavisbaseDotNetExercises\NUnitVerification\NUnit Verification\bin\Debug\NUnitVerification.dll" total="1" errors="0" failures="0" not-run="0" inconclusive="0" ignored="0" skipped="0" invalid="0" date="2013-08-16" time="02:07:21">
  <environment nunit-version="2.6.2.12296" clr-version="2.0.50727.6387" os-version="Microsoft Windows NT 6.2.9200.0" platform="Win32NT" cwd="C:\Program Files (x86)\NUnit 2.6.2\bin" machine-name="WIN-EQ6V1NKCVGP" user="Kevin Klinemeier" user-domain="WIN-EQ6V1NKCVGP" />
  <culture-info current-culture="en-US" current-uiculture="en-US" />
  <test-suite type="Assembly" name="C:\Users\Kevin Klinemeier\Documents\GitHub\DavisbaseDotNetExercises\NUnitVerification\NUnit Verification\bin\Debug\NUnitVerification.dll" executed="True" result="Success" success="True" time="0.121" asserts="0">
    <results>
      <test-suite type="Namespace" name="NUnitTest1" executed="True" result="Success" success="True" time="0.094" asserts="0">
        <results>
          <test-suite type="TestFixture" name="MyQueueTestFixture" executed="True" result="Success" success="True" time="0.081" asserts="0">
            <results>
              <test-case name="NUnitTest1.MyQueueTestFixture.QueueIsEmptyOnConstruction" executed="True" result="Success" success="True" time="0.027" asserts="1" />
            </results>
          </test-suite>
        </results>
      </test-suite>
    </results>
  </test-suite>
</test-results>