<?xml version="1.0" encoding="utf-8" standalone="no"?>
<!--This file represents the results of running a test suite-->
<test-results name="C:\Users\Kevin Klinemeier\Documents\GitHub\DavisbaseDotNetExercises\MockFakeStubExamples\MockFakeStubExamples\bin\Release\MockFakeStubExamples.dll" total="2" errors="0" failures="1" not-run="1" inconclusive="0" ignored="1" skipped="0" invalid="0" date="2013-08-16" time="10:42:36">
  <environment nunit-version="2.6.2.12296" clr-version="2.0.50727.6387" os-version="Microsoft Windows NT 6.2.9200.0" platform="Win32NT" cwd="C:\Program Files (x86)\NUnit 2.6.2\bin" machine-name="WIN-EQ6V1NKCVGP" user="Kevin Klinemeier" user-domain="WIN-EQ6V1NKCVGP" />
  <culture-info current-culture="en-US" current-uiculture="en-US" />
  <test-suite type="Assembly" name="C:\Users\Kevin Klinemeier\Documents\GitHub\DavisbaseDotNetExercises\MockFakeStubExamples\MockFakeStubExamples\bin\Release\MockFakeStubExamples.dll" executed="True" result="Failure" success="False" time="0.094" asserts="0">
    <results>
      <test-suite type="Namespace" name="AgileEngineering" executed="True" result="Failure" success="False" time="0.066" asserts="0">
        <results>
          <test-suite type="TestFixture" name="AccountUpdaterTest" executed="True" result="Failure" success="False" time="0.060" asserts="0">
            <results>
              <test-case name="AgileEngineering.AccountUpdaterTest.simulateFailure" executed="True" result="Failure" success="False" time="0.028" asserts="0">
                <failure>
                  <message><![CDATA[AgileEngineering.AccountInvalidException was expected]]></message>
                  <stack-trace />
                </failure>
              </test-case>
              <test-case name="AgileEngineering.AccountUpdaterTest.testCommitTransactionCalled" executed="False" result="Ignored">
                <reason>
                  <message><![CDATA[]]></message>
                </reason>
              </test-case>
              <test-case name="AgileEngineering.AccountUpdaterTest.testHappyPath" executed="True" result="Success" success="True" time="0.001" asserts="0" />
            </results>
          </test-suite>
        </results>
      </test-suite>
    </results>
  </test-suite>
</test-results>